2023-07-30 15:10:29 INFO  AbstractScenario:32 - [webkit] Create Account Scenario start
2023-07-30 15:10:29 INFO  AbstractScenario:32 - [firefox] Create Account Scenario start
2023-07-30 15:10:29 INFO  AbstractScenario:32 - [chromium] Create Account Scenario start
2023-07-30 15:10:36 INFO  AbstractScenario:38 - [chromium] Create Account Scenario end
2023-07-30 15:10:37 INFO  AbstractScenario:38 - [webkit] Create Account Scenario end
2023-07-30 15:10:38 INFO  AbstractScenario:38 - [firefox] Create Account Scenario end
2023-07-30 15:10:38 INFO  ConcurrencyUtils:32 - [] ExecutorService has been shut down
2023-07-30 15:14:01 INFO  AbstractScenario:32 - [webkit] Create Account Scenario start
2023-07-30 15:14:01 INFO  AbstractScenario:32 - [firefox] Create Account Scenario start
2023-07-30 15:14:01 INFO  AbstractScenario:32 - [chromium] Create Account Scenario start
2023-07-30 15:14:01 INFO  AbstractScenario:32 - [webkit] Create Account Scenario start
2023-07-30 15:14:01 INFO  AbstractScenario:32 - [chromium] Create Account Scenario start
2023-07-30 15:14:01 INFO  AbstractScenario:32 - [firefox] Create Account Scenario start
2023-07-30 15:14:09 INFO  AbstractScenario:38 - [chromium] Create Account Scenario end
2023-07-30 15:14:09 INFO  AbstractScenario:38 - [chromium] Create Account Scenario end
2023-07-30 15:14:10 INFO  AbstractScenario:38 - [webkit] Create Account Scenario end
2023-07-30 15:14:10 INFO  AbstractScenario:38 - [webkit] Create Account Scenario end
2023-07-30 15:14:11 INFO  AbstractScenario:38 - [firefox] Create Account Scenario end
2023-07-30 15:14:11 INFO  AbstractScenario:38 - [firefox] Create Account Scenario end
2023-07-30 15:14:11 INFO  ConcurrencyUtils:32 - [] ExecutorService has been shut down
2023-07-30 15:14:37 INFO  AbstractScenario:32 - [chromium] Create Account Scenario start
2023-07-30 15:14:37 INFO  AbstractScenario:32 - [firefox] Create Account Scenario start
2023-07-30 15:14:37 INFO  AbstractScenario:32 - [webkit] Create Account Scenario start
2023-07-30 15:14:37 INFO  AbstractScenario:32 - [chromium] Create Account Scenario start
2023-07-30 15:14:37 INFO  AbstractScenario:32 - [firefox] Create Account Scenario start
2023-07-30 15:14:37 INFO  AbstractScenario:32 - [webkit] Create Account Scenario start
2023-07-30 15:14:44 INFO  AbstractScenario:38 - [chromium] Create Account Scenario end
2023-07-30 15:14:44 INFO  AbstractScenario:38 - [chromium] Create Account Scenario end
2023-07-30 15:14:45 INFO  AbstractScenario:38 - [webkit] Create Account Scenario end
2023-07-30 15:14:45 INFO  AbstractScenario:38 - [webkit] Create Account Scenario end
2023-07-30 15:14:49 INFO  AbstractScenario:38 - [firefox] Create Account Scenario end
2023-07-30 15:14:49 INFO  AbstractScenario:38 - [firefox] Create Account Scenario end
2023-07-30 15:14:49 INFO  ConcurrencyUtils:32 - [] ExecutorService has been shut down
2023-07-30 15:17:00 INFO  AbstractScenario:32 - [firefox] Create Account Scenario start
2023-07-30 15:17:00 INFO  AbstractScenario:32 - [chromium] Create Account Scenario start
2023-07-30 15:17:00 INFO  AbstractScenario:32 - [webkit] Create Account Scenario start
2023-07-30 15:17:00 INFO  AbstractScenario:32 - Create Account Scenario start
2023-07-30 15:17:00 INFO  AbstractScenario:32 - Create Account Scenario start
2023-07-30 15:17:00 INFO  AbstractScenario:32 - Create Account Scenario start
2023-07-30 15:17:10 INFO  AbstractScenario:38 - [webkit] Create Account Scenario end
2023-07-30 15:17:10 INFO  AbstractScenario:38 - Create Account Scenario end
2023-07-30 15:17:11 INFO  AbstractScenario:38 - [chromium] Create Account Scenario end
2023-07-30 15:17:11 INFO  AbstractScenario:38 - Create Account Scenario end
2023-07-30 15:17:12 INFO  AbstractScenario:38 - [firefox] Create Account Scenario end
2023-07-30 15:17:12 INFO  AbstractScenario:38 - Create Account Scenario end
2023-07-30 15:17:12 INFO  ConcurrencyUtils:32 - ExecutorService has been shut down
2023-07-30 15:22:40 INFO  AbstractScenario:32 - [webkit] Create Account Scenario start
2023-07-30 15:22:40 INFO  AbstractScenario:32 - [firefox] Create Account Scenario start
2023-07-30 15:22:40 INFO  AbstractScenario:32 - [chromium] Create Account Scenario start
2023-07-30 15:22:40 INFO  AbstractScenario:32 - Create Account Scenario start
2023-07-30 15:22:40 INFO  AbstractScenario:32 - Create Account Scenario start
2023-07-30 15:22:40 INFO  AbstractScenario:32 - Create Account Scenario start
2023-07-30 15:22:49 INFO  AbstractScenario:38 - [chromium] Create Account Scenario end
2023-07-30 15:22:49 INFO  AbstractScenario:38 - Create Account Scenario end
2023-07-30 15:22:51 INFO  AbstractScenario:38 - [webkit] Create Account Scenario end
2023-07-30 15:22:51 INFO  AbstractScenario:38 - Create Account Scenario end
2023-07-30 15:22:53 INFO  AbstractScenario:38 - [firefox] Create Account Scenario end
2023-07-30 15:22:53 INFO  AbstractScenario:38 - Create Account Scenario end
2023-07-30 15:22:53 INFO  ConcurrencyUtils:32 - ExecutorService has been shut down
2023-07-30 15:29:45 INFO  AbstractScenario:32 - [chromium] Create Account Scenario start
2023-07-30 15:29:45 INFO  AbstractScenario:32 - [webkit] Create Account Scenario start
2023-07-30 15:29:45 INFO  AbstractScenario:32 - [firefox] Create Account Scenario start
2023-07-30 15:29:52 INFO  AbstractScenario:38 - [chromium] Create Account Scenario end
2023-07-30 15:29:54 INFO  AbstractScenario:38 - [webkit] Create Account Scenario end
2023-07-30 15:29:54 INFO  AbstractScenario:38 - [firefox] Create Account Scenario end
2023-07-30 15:29:54 INFO  ConcurrencyUtils:32 - ExecutorService has been shut down
2023-07-30 15:47:03 INFO  AbstractScenario:33 - [chromium] Create Account Scenario start
2023-07-30 15:47:03 INFO  AbstractScenario:33 - [firefox] Create Account Scenario start
2023-07-30 15:47:03 INFO  AbstractScenario:33 - [webkit] Create Account Scenario start
2023-07-30 15:47:13 INFO  AbstractScenario:39 - [webkit] Create Account Scenario end
2023-07-30 15:47:17 INFO  AbstractScenario:39 - [chromium] Create Account Scenario end
2023-07-30 15:47:20 INFO  AbstractScenario:39 - [firefox] Create Account Scenario end
2023-07-30 15:47:20 INFO  ConcurrencyUtils:32 - ExecutorService has been shut down
2023-07-30 15:47:28 INFO  AbstractScenario:33 - [firefox] Create Account Scenario start
2023-07-30 15:47:28 INFO  AbstractScenario:33 - [chromium] Create Account Scenario start
2023-07-30 15:47:28 INFO  AbstractScenario:33 - [webkit] Create Account Scenario start
2023-07-30 15:47:33 INFO  AbstractScenario:28 - [chromium] 123
2023-07-30 15:47:34 INFO  AbstractScenario:28 - [webkit] 123
2023-07-30 15:47:34 INFO  AbstractScenario:28 - [firefox] 123
2023-07-30 15:47:36 INFO  AbstractScenario:39 - [chromium] Create Account Scenario end
2023-07-30 15:47:37 INFO  AbstractScenario:39 - [webkit] Create Account Scenario end
2023-07-30 15:47:38 INFO  AbstractScenario:39 - [firefox] Create Account Scenario end
2023-07-30 15:47:38 INFO  ConcurrencyUtils:32 - ExecutorService has been shut down
2023-07-30 15:57:03 INFO  CreateAccountScenario:25 - [chromium] 123
2023-07-30 15:57:04 INFO  CreateAccountScenario:25 - [webkit] 123
2023-07-30 15:57:04 INFO  CreateAccountScenario:25 - [firefox] 123
2023-07-30 15:57:08 INFO  ConcurrencyUtils:32 - ExecutorService has been shut down
2023-07-30 16:33:40 INFO  ConcurrencyUtils:32 - ExecutorService has been shut down
2023-07-30 16:37:17 INFO  ScenarioFactory:25 - [] Getting all scenarios
2023-07-30 16:37:17 INFO  ScenarioFactory:15 - [] Getting scenarios for chromium
2023-07-30 16:37:17 INFO  ScenarioFactory:20 - [] Scenarios for chromium:
2023-07-30 16:37:17 INFO  ScenarioFactory:15 - [] Getting scenarios for webkit
2023-07-30 16:37:17 INFO  ScenarioFactory:20 - [] Scenarios for webkit:
2023-07-30 16:37:17 INFO  ScenarioFactory:15 - [] Getting scenarios for firefox
2023-07-30 16:37:17 INFO  ScenarioFactory:20 - [] Scenarios for firefox:
2023-07-30 16:37:17 INFO  ScenarioFactory:30 - [] Scenarios: [org.alenapech.qadiploma.scenario.impl.CreateAccountScenario@303cf2ba, org.alenapech.qadiploma.scenario.impl.CreateAccountScenario@76494737, org.alenapech.qadiploma.scenario.impl.CreateAccountScenario@4a003cbe]
2023-07-30 16:37:32 INFO  ConcurrencyUtils:32 - ExecutorService has been shut down
2023-07-30 16:38:05 INFO  ScenarioFactory:25 - Getting all scenarios
2023-07-30 16:38:05 INFO  ScenarioFactory:15 - Getting scenarios for chromium
2023-07-30 16:38:05 INFO  ScenarioFactory:20 - Scenarios for chromium:
2023-07-30 16:38:05 INFO  ScenarioFactory:15 - Getting scenarios for webkit
2023-07-30 16:38:05 INFO  ScenarioFactory:20 - Scenarios for webkit:
2023-07-30 16:38:05 INFO  ScenarioFactory:15 - Getting scenarios for firefox
2023-07-30 16:38:05 INFO  ScenarioFactory:20 - Scenarios for firefox:
2023-07-30 16:38:05 INFO  ScenarioFactory:30 - Scenarios: [org.alenapech.qadiploma.scenario.impl.CreateAccountScenario@303cf2ba, org.alenapech.qadiploma.scenario.impl.CreateAccountScenario@76494737, org.alenapech.qadiploma.scenario.impl.CreateAccountScenario@4a003cbe]
2023-07-30 16:38:18 INFO  ConcurrencyUtils:32 - ExecutorService has been shut down
2023-07-30 16:38:58 INFO  ScenarioFactory:25 - Getting all scenarios
2023-07-30 16:38:58 INFO  ScenarioFactory:15 - Getting scenarios for chromium
2023-07-30 16:38:58 INFO  ScenarioFactory:20 - Scenarios for chromium:
2023-07-30 16:38:58 INFO  ScenarioFactory:15 - Getting scenarios for webkit
2023-07-30 16:38:58 INFO  ScenarioFactory:20 - Scenarios for webkit:
2023-07-30 16:38:58 INFO  ScenarioFactory:15 - Getting scenarios for firefox
2023-07-30 16:38:58 INFO  ScenarioFactory:20 - Scenarios for firefox:
2023-07-30 16:38:58 INFO  ScenarioFactory:30 - Scenarios: [org.alenapech.qadiploma.scenario.impl.CreateAccountScenario@76494737, org.alenapech.qadiploma.scenario.impl.CreateAccountScenario@4a003cbe, org.alenapech.qadiploma.scenario.impl.CreateAccountScenario@4082ba93]
2023-07-30 16:39:10 INFO  ConcurrencyUtils:32 - ExecutorService has been shut down
2023-07-30 16:39:53 INFO  ScenarioFactory:25 - Getting all scenarios
2023-07-30 16:39:53 INFO  ScenarioFactory:15 - Getting scenarios for chromium
2023-07-30 16:39:53 INFO  ScenarioFactory:20 - Scenarios for chromium:
2023-07-30 16:39:53 INFO  ScenarioFactory:15 - Getting scenarios for webkit
2023-07-30 16:39:53 INFO  ScenarioFactory:20 - Scenarios for webkit:
2023-07-30 16:39:53 INFO  ScenarioFactory:15 - Getting scenarios for firefox
2023-07-30 16:39:53 INFO  ScenarioFactory:20 - Scenarios for firefox:
2023-07-30 16:39:53 INFO  ScenarioFactory:30 - Scenarios: [AbstractScenario{browserName=chromium, launchOptions=null}, AbstractScenario{browserName=webkit, launchOptions=null}, AbstractScenario{browserName=firefox, launchOptions=null}]
2023-07-30 16:40:04 INFO  ConcurrencyUtils:32 - ExecutorService has been shut down
2023-07-30 16:40:37 INFO  ScenarioFactory:25 - Getting all scenarios
2023-07-30 16:40:37 INFO  ScenarioFactory:15 - Getting scenarios for chromium
2023-07-30 16:40:37 INFO  ScenarioFactory:20 - Scenarios for chromium:
2023-07-30 16:40:37 INFO  ScenarioFactory:15 - Getting scenarios for webkit
2023-07-30 16:40:37 INFO  ScenarioFactory:20 - Scenarios for webkit:
2023-07-30 16:40:37 INFO  ScenarioFactory:15 - Getting scenarios for firefox
2023-07-30 16:40:37 INFO  ScenarioFactory:20 - Scenarios for firefox:
2023-07-30 16:40:37 INFO  ScenarioFactory:30 - Scenarios: [AbstractScenario{browserName=chromium, launchOptions=null}, AbstractScenario{browserName=webkit, launchOptions=null}, AbstractScenario{browserName=firefox, launchOptions=null}]
2023-07-30 16:40:43 INFO  CreateAccountScenario:25 - [chromium] Scenario start
2023-07-30 16:40:43 INFO  CreateAccountScenario:25 - [webkit] Scenario start
2023-07-30 16:40:43 INFO  CreateAccountScenario:25 - [firefox] Scenario start
2023-07-30 16:40:44 INFO  CreateAccountScenario:29 - [chromium] Scenario end
2023-07-30 16:40:46 INFO  CreateAccountScenario:29 - [webkit] Scenario end
2023-07-30 16:40:46 INFO  CreateAccountScenario:29 - [firefox] Scenario end
2023-07-30 16:40:47 INFO  ConcurrencyUtils:32 - ExecutorService has been shut down
2023-07-30 16:41:06 INFO  ScenarioFactory:25 - Getting all scenarios
2023-07-30 16:41:06 INFO  ScenarioFactory:15 - Getting scenarios for chromium
2023-07-30 16:41:06 INFO  ScenarioFactory:20 - Scenarios for chromium: [AbstractScenario{browserName=chromium, launchOptions=null}]
2023-07-30 16:41:06 INFO  ScenarioFactory:15 - Getting scenarios for webkit
2023-07-30 16:41:06 INFO  ScenarioFactory:20 - Scenarios for webkit: [AbstractScenario{browserName=webkit, launchOptions=null}]
2023-07-30 16:41:06 INFO  ScenarioFactory:15 - Getting scenarios for firefox
2023-07-30 16:41:06 INFO  ScenarioFactory:20 - Scenarios for firefox: [AbstractScenario{browserName=firefox, launchOptions=null}]
2023-07-30 16:41:06 INFO  ScenarioFactory:30 - Scenarios: [AbstractScenario{browserName=chromium, launchOptions=null}, AbstractScenario{browserName=webkit, launchOptions=null}, AbstractScenario{browserName=firefox, launchOptions=null}]
2023-07-30 16:41:11 INFO  CreateAccountScenario:25 - [chromium] Scenario start
2023-07-30 16:41:12 INFO  CreateAccountScenario:25 - [firefox] Scenario start
2023-07-30 16:41:12 INFO  CreateAccountScenario:25 - [webkit] Scenario start
2023-07-30 16:41:13 INFO  CreateAccountScenario:29 - [chromium] Scenario end
2023-07-30 16:41:14 INFO  CreateAccountScenario:29 - [webkit] Scenario end
2023-07-30 16:41:16 INFO  CreateAccountScenario:29 - [firefox] Scenario end
2023-07-30 16:41:17 INFO  ConcurrencyUtils:32 - ExecutorService has been shut down
2023-07-30 16:41:27 INFO  ScenarioFactory:25 - Getting all scenarios
2023-07-30 16:41:27 INFO  ScenarioFactory:15 - Getting scenarios for chromium
2023-07-30 16:41:27 INFO  ScenarioFactory:20 - Scenarios for chromium: [AbstractScenario{browserName=chromium, launchOptions=null}]
2023-07-30 16:41:27 INFO  ScenarioFactory:15 - Getting scenarios for webkit
2023-07-30 16:41:27 INFO  ScenarioFactory:20 - Scenarios for webkit: [AbstractScenario{browserName=webkit, launchOptions=null}]
2023-07-30 16:41:27 INFO  ScenarioFactory:15 - Getting scenarios for firefox
2023-07-30 16:41:27 INFO  ScenarioFactory:20 - Scenarios for firefox: [AbstractScenario{browserName=firefox, launchOptions=null}]
2023-07-30 16:41:27 INFO  ScenarioFactory:30 - Scenarios: [AbstractScenario{browserName=chromium, launchOptions=null}, AbstractScenario{browserName=webkit, launchOptions=null}, AbstractScenario{browserName=firefox, launchOptions=null}]
2023-07-30 16:41:32 INFO  CreateAccountScenario:25 - [chromium] Scenario start
2023-07-30 16:41:34 INFO  CreateAccountScenario:25 - [webkit] Scenario start
2023-07-30 16:41:34 INFO  CreateAccountScenario:25 - [firefox] Scenario start
2023-07-30 16:41:35 INFO  CreateAccountScenario:29 - [webkit] Scenario end
2023-07-30 16:41:36 INFO  CreateAccountScenario:29 - [chromium] Scenario end
2023-07-30 16:41:37 INFO  CreateAccountScenario:29 - [firefox] Scenario end
2023-07-30 16:41:38 INFO  ConcurrencyUtils:32 - ExecutorService has been shut down
2023-07-30 16:58:53 DEBUG Main:31 - 'browsers' variable: null
2023-07-30 16:58:53 INFO  ScenarioFactory:27 - Getting all scenarios
2023-07-30 16:58:53 INFO  ScenarioFactory:15 - Getting scenarios for chromium
2023-07-30 16:58:53 INFO  ScenarioFactory:22 - Scenarios for chromium: [AbstractScenario{browserName=chromium, launchOptions=null}]
2023-07-30 16:58:53 INFO  ScenarioFactory:15 - Getting scenarios for webkit
2023-07-30 16:58:53 INFO  ScenarioFactory:22 - Scenarios for webkit: [AbstractScenario{browserName=webkit, launchOptions=null}]
2023-07-30 16:58:53 INFO  ScenarioFactory:15 - Getting scenarios for firefox
2023-07-30 16:58:53 INFO  ScenarioFactory:22 - Scenarios for firefox: [AbstractScenario{browserName=firefox, launchOptions=null}]
2023-07-30 16:58:53 INFO  ScenarioFactory:32 - Scenarios: [AbstractScenario{browserName=chromium, launchOptions=null}, AbstractScenario{browserName=webkit, launchOptions=null}, AbstractScenario{browserName=firefox, launchOptions=null}]
2023-07-30 16:58:58 INFO  CreateAccountScenario:25 - [chromium] Scenario start
2023-07-30 16:58:59 INFO  CreateAccountScenario:25 - [webkit] Scenario start
2023-07-30 16:58:59 INFO  CreateAccountScenario:25 - [firefox] Scenario start
2023-07-30 16:59:03 INFO  CreateAccountScenario:29 - [webkit] Scenario end
2023-07-30 16:59:03 INFO  CreateAccountScenario:29 - [firefox] Scenario end
2023-07-30 16:59:03 INFO  CreateAccountScenario:29 - [chromium] Scenario end
2023-07-30 16:59:03 INFO  ConcurrencyUtils:32 - ExecutorService has been shut down
2023-07-30 17:05:11 DEBUG Main:32 - "browsers" variable: null
2023-07-30 17:05:11 INFO  ScenarioFactory:15 - Getting scenarios for [chromium, webkit, firefox]
2023-07-30 17:05:11 INFO  ScenarioFactory:24 - Scenarios for [chromium, webkit, firefox]: [AbstractScenario{browserName=chromium, launchOptions=null}, AbstractScenario{browserName=webkit, launchOptions=null}, AbstractScenario{browserName=firefox, launchOptions=null}]
2023-07-30 17:05:16 INFO  CreateAccountScenario:25 - [chromium] Scenario start
2023-07-30 17:05:17 INFO  CreateAccountScenario:25 - [webkit] Scenario start
2023-07-30 17:05:17 INFO  CreateAccountScenario:25 - [firefox] Scenario start
2023-07-30 17:05:18 INFO  CreateAccountScenario:29 - [chromium] Scenario end
2023-07-30 17:05:20 INFO  CreateAccountScenario:29 - [webkit] Scenario end
2023-07-30 17:05:22 INFO  CreateAccountScenario:29 - [firefox] Scenario end
2023-07-30 17:05:23 INFO  ConcurrencyUtils:32 - ExecutorService has been shut down
2023-07-30 17:44:00 DEBUG Main:32 - "browsers" variable: null
2023-07-30 17:44:00 INFO  ScenarioFactory:15 - Getting scenarios for [chromium, webkit, firefox]
2023-07-30 17:44:00 INFO  ScenarioFactory:24 - Scenarios for [chromium, webkit, firefox]: [AbstractScenario{browserName=chromium, launchOptions=null}, AbstractScenario{browserName=webkit, launchOptions=null}, AbstractScenario{browserName=firefox, launchOptions=null}]
2023-07-30 17:44:05 INFO  CreateAccountScenario:25 - [chromium] Scenario start
2023-07-30 17:44:06 INFO  CreateAccountScenario:25 - [webkit] Scenario start
2023-07-30 17:44:06 INFO  CreateAccountScenario:25 - [firefox] Scenario start
2023-07-30 17:44:08 INFO  CreateAccountScenario:29 - [webkit] Scenario end
2023-07-30 17:44:09 INFO  CreateAccountScenario:29 - [chromium] Scenario end
2023-07-30 17:44:10 INFO  CreateAccountScenario:29 - [firefox] Scenario end
2023-07-30 17:44:10 INFO  ConcurrencyUtils:32 - ExecutorService has been shut down
2023-07-30 17:45:40 DEBUG Main:32 - "browsers" variable: null
2023-07-30 17:45:40 INFO  ScenarioFactory:15 - Getting scenarios for [chromium, webkit, firefox]
2023-07-30 17:45:41 INFO  ScenarioFactory:24 - Scenarios for [chromium, webkit, firefox]: [AbstractScenario{browserName=chromium, launchOptions=null}, AbstractScenario{browserName=webkit, launchOptions=null}, AbstractScenario{browserName=firefox, launchOptions=null}]
2023-07-30 17:45:46 INFO  CreateAccountScenario:25 - [chromium] Scenario start
2023-07-30 17:45:46 INFO  CreateAccountScenario:25 - [webkit] Scenario start
2023-07-30 17:45:47 INFO  CreateAccountScenario:25 - [firefox] Scenario start
2023-07-30 17:45:49 INFO  CreateAccountScenario:29 - [chromium] Scenario end
2023-07-30 17:45:50 INFO  CreateAccountScenario:29 - [webkit] Scenario end
2023-07-30 17:45:52 INFO  CreateAccountScenario:29 - [firefox] Scenario end
2023-07-30 17:45:52 INFO  ConcurrencyUtils:32 - ExecutorService has been shut down
2023-07-30 17:46:12 DEBUG Main:32 - "browsers" variable: null
2023-07-30 17:46:12 INFO  ScenarioFactory:15 - Getting scenarios for [chromium, webkit, firefox]
2023-07-30 17:46:12 INFO  ScenarioFactory:24 - Scenarios for [chromium, webkit, firefox]: [AbstractScenario{browserName=chromium, launchOptions=null}, AbstractScenario{browserName=webkit, launchOptions=null}, AbstractScenario{browserName=firefox, launchOptions=null}]
2023-07-30 17:46:17 INFO  CreateAccountScenario:25 - [chromium] Scenario start
2023-07-30 17:46:18 INFO  CreateAccountScenario:25 - [webkit] Scenario start
2023-07-30 17:46:18 INFO  CreateAccountScenario:25 - [firefox] Scenario start
2023-07-30 17:46:19 INFO  CreateAccountScenario:29 - [chromium] Scenario end
2023-07-30 17:46:20 INFO  CreateAccountScenario:29 - [webkit] Scenario end
2023-07-30 17:46:20 INFO  CreateAccountScenario:29 - [firefox] Scenario end
2023-07-30 17:46:21 INFO  ConcurrencyUtils:32 - ExecutorService has been shut down
2023-07-30 17:48:01 DEBUG Main:32 - "browsers" variable: null
2023-07-30 17:48:01 INFO  ScenarioFactory:15 - Getting scenarios for [chromium, webkit, firefox]
2023-07-30 17:48:01 INFO  ScenarioFactory:24 - Scenarios for [chromium, webkit, firefox]: [AbstractScenario{browserName=chromium, launchOptions=null}, AbstractScenario{browserName=webkit, launchOptions=null}, AbstractScenario{browserName=firefox, launchOptions=null}]
2023-07-30 17:48:05 INFO  CreateAccountScenario:25 - [chromium] Scenario start
2023-07-30 17:48:07 INFO  CreateAccountScenario:25 - [webkit] Scenario start
2023-07-30 17:48:07 INFO  CreateAccountScenario:29 - [chromium] Scenario end
2023-07-30 17:48:07 INFO  CreateAccountScenario:25 - [firefox] Scenario start
2023-07-30 17:48:08 INFO  CreateAccountScenario:29 - [webkit] Scenario end
2023-07-30 17:48:10 INFO  CreateAccountScenario:29 - [firefox] Scenario end
2023-07-30 17:48:11 INFO  ConcurrencyUtils:32 - ExecutorService has been shut down
2023-07-30 17:51:15 DEBUG Main:32 - "browsers" variable: chromium,mozilla
2023-07-30 17:51:15 INFO  ScenarioFactory:15 - Getting scenarios for null
2023-07-30 18:22:44 DEBUG Main:38 - "browsers" variable: [chromium, firefox]
2023-07-30 18:22:44 INFO  ScenarioFactory:16 - Getting scenarios for [chromium, firefox]
2023-07-30 18:22:44 INFO  ScenarioFactory:25 - Scenarios for [chromium, firefox]: [AbstractScenario{browserName=chromium, launchOptions=null}, AbstractScenario{browserName=firefox, launchOptions=null}]
2023-07-30 18:22:49 INFO  CreateAccountScenario:25 - [chromium] Scenario start
2023-07-30 18:22:49 INFO  CreateAccountScenario:25 - [firefox] Scenario start
2023-07-30 18:22:52 INFO  CreateAccountScenario:29 - [firefox] Scenario end
2023-07-30 18:22:52 INFO  CreateAccountScenario:29 - [chromium] Scenario end
2023-07-30 18:22:53 INFO  ConcurrencyUtils:32 - ExecutorService has been shut down
2023-07-30 18:24:38 DEBUG Main:38 - "browsers" variable: [chromium, firefox]
2023-07-30 18:24:38 INFO  ScenarioFactory:16 - Getting scenarios for [chromium, firefox]
2023-07-30 18:24:38 INFO  ScenarioFactory:25 - Scenarios for [chromium, firefox]: [AbstractScenario{browserName=chromium, launchOptions=null}, AbstractScenario{browserName=firefox, launchOptions=null}]
2023-07-30 18:24:43 INFO  CreateAccountScenario:25 - [chromium] Scenario start
2023-07-30 18:24:44 INFO  CreateAccountScenario:25 - [firefox] Scenario start
2023-07-30 18:24:44 INFO  CreateAccountScenario:29 - [chromium] Scenario end
2023-07-30 18:24:46 INFO  CreateAccountScenario:29 - [firefox] Scenario end
2023-07-30 18:24:47 INFO  ConcurrencyUtils:32 - ExecutorService has been shut down
2023-07-30 18:26:01 INFO  ScenarioFactory:16 - Getting scenarios for [firefox, chromium, webkit]
2023-07-30 18:26:01 INFO  ScenarioFactory:25 - Scenarios for [firefox, chromium, webkit]: [AbstractScenario{browserName=firefox, launchOptions=null}, AbstractScenario{browserName=chromium, launchOptions=null}, AbstractScenario{browserName=webkit, launchOptions=null}]
2023-07-30 18:26:07 INFO  CreateAccountScenario:25 - [chromium] Scenario start
2023-07-30 18:26:07 INFO  CreateAccountScenario:25 - [webkit] Scenario start
2023-07-30 18:26:07 INFO  CreateAccountScenario:25 - [firefox] Scenario start
2023-07-30 18:26:09 INFO  CreateAccountScenario:29 - [chromium] Scenario end
2023-07-30 18:26:10 INFO  CreateAccountScenario:29 - [firefox] Scenario end
2023-07-30 18:26:11 INFO  CreateAccountScenario:29 - [webkit] Scenario end
2023-07-30 18:26:11 INFO  ConcurrencyUtils:32 - ExecutorService has been shut down
